<?xml version="1.0" encoding="UTF-8"?>
<!-- Generated by org.testng.reporters.JUnitXMLReporter -->
<testsuite ignored="2" hostname="DESKTOP-G8O6OG0" failures="0" tests="2" name="Execute Group" time="25.98" errors="0" timestamp="2025-08-18T22:02:14 IST">
  <testcase classname="com.TestNGDemo.D05BigBasketAssignment" name="testTeaLink" time="1.186"/>
  <testcase classname="com.TestNGDemo.D05BigBasketAssignment" name="testGheeLink" time="1.125"/>
  <testcase classname="com.TestNGDemo.D05BigBasketAssignment" name="testExoticLink" time="0.0">
    <ignored/>
  </testcase> <!-- testExoticLink -->
  <testcase classname="com.TestNGDemo.D05BigBasketAssignment" name="testNandhiniLink" time="0.0">
    <ignored/>
  </testcase> <!-- testNandhiniLink -->
</testsuite> <!-- Execute Group -->
