<?xml version="1.0" encoding="UTF-8"?>
<testng-results ignored="1" total="2" passed="1" failed="0" skipped="0">
  <reporter-output>
  </reporter-output>
  <suite started-at="2025-08-22T22:14:03 IST" name="Default suite" finished-at="2025-08-22T22:14:04 IST" duration-ms="1540">
    <groups>
    </groups>
    <test started-at="2025-08-22T22:14:03 IST" name="Default test" finished-at="2025-08-22T22:14:04 IST" duration-ms="1540">
      <class name="com.WebTests.D03ReadFromExcel">
        <test-method is-config="true" signature="beforeTest()[pri:0, instance:com.WebTests.D03ReadFromExcel@206a70ef]" started-at="2025-08-22T22:14:03 IST" name="beforeTest" finished-at="2025-08-22T22:14:04 IST" duration-ms="1426" status="PASS">
          <reporter-output>
          </reporter-output>
        </test-method> <!-- beforeTest -->
        <test-method signature="readAllData()[pri:0, instance:com.WebTests.D03ReadFromExcel@206a70ef]" started-at="2025-08-22T22:14:04 IST" name="readAllData" finished-at="2025-08-22T22:14:04 IST" duration-ms="23" status="PASS">
          <reporter-output>
          </reporter-output>
        </test-method> <!-- readAllData -->
        <test-method is-config="true" signature="afterTest()[pri:0, instance:com.WebTests.D03ReadFromExcel@206a70ef]" started-at="2025-08-22T22:14:04 IST" name="afterTest" finished-at="2025-08-22T22:14:04 IST" duration-ms="1" status="PASS">
          <reporter-output>
          </reporter-output>
        </test-method> <!-- afterTest -->
      </class> <!-- com.WebTests.D03ReadFromExcel -->
    </test> <!-- Default test -->
  </suite> <!-- Default suite -->
</testng-results>
