<?xml version="1.0" encoding="UTF-8"?>
<!-- Generated by org.testng.reporters.JUnitXMLReporter -->
<testsuite ignored="0" hostname="DESKTOP-G8O6OG0" failures="0" tests="3" name="Default test" time="20.984" errors="0" timestamp="2025-08-19T22:13:26 IST">
  <testcase classname="com.TestNGDemo.D10POMClient" name="registration1" time="2.946"/>
  <testcase classname="com.TestNGDemo.D10POMClient" name="registration2" time="1.741"/>
  <testcase classname="com.TestNGDemo.D10POMClient" name="registration3" time="3.54"/>
</testsuite> <!-- Default test -->
