<?xml version="1.0" encoding="UTF-8"?>
<!-- Generated by org.testng.reporters.JUnitXMLReporter -->
<testsuite ignored="1" hostname="DESKTOP-G8O6OG0" failures="0" tests="3" name="Default test" time="30.466" errors="0" timestamp="2025-08-18T21:11:11 IST">
  <testcase classname="com.TestNGDemo.D05BigBasketAssignment" name="testExoticLink" time="0.92"/>
  <testcase classname="com.TestNGDemo.D05BigBasketAssignment" name="testTeaLink" time="0.397"/>
  <testcase classname="com.TestNGDemo.D05BigBasketAssignment" name="testNandhiniLink" time="0.396"/>
  <testcase classname="com.TestNGDemo.D05BigBasketAssignment" name="testGheeLink" time="0.0">
    <ignored/>
  </testcase> <!-- testGheeLink -->
</testsuite> <!-- Default test -->
