<?xml version="1.0" encoding="UTF-8"?>
<!-- Generated by org.testng.reporters.JUnitXMLReporter -->
<testsuite ignored="1" hostname="DESKTOP-G8O6OG0" failures="0" tests="1" name="Default test" time="1.54" errors="0" timestamp="2025-08-22T22:14:04 IST">
  <testcase classname="com.WebTests.D03ReadFromExcel" name="readAllData" time="0.023"/>
  <testcase classname="com.WebTests.D03ReadFromExcel" name="readData" time="0.0">
    <ignored/>
  </testcase> <!-- readData -->
</testsuite> <!-- Default test -->
