<?xml version="1.0" encoding="UTF-8"?>
<!-- Generated by org.testng.reporters.JUnitXMLReporter -->
<testsuite ignored="3" hostname="DESKTOP-G8O6OG0" failures="0" tests="1" name="Execute Single Test" time="15.723" errors="0" timestamp="2025-08-18T21:25:11 IST">
  <testcase classname="com.TestNGDemo.D05BigBasketAssignment" name="testGheeLink" time="0.993"/>
  <testcase classname="com.TestNGDemo.D05BigBasketAssignment" name="testExoticLink" time="0.0">
    <ignored/>
  </testcase> <!-- testExoticLink -->
  <testcase classname="com.TestNGDemo.D05BigBasketAssignment" name="testTeaLink" time="0.0">
    <ignored/>
  </testcase> <!-- testTeaLink -->
  <testcase classname="com.TestNGDemo.D05BigBasketAssignment" name="testNandhiniLink" time="0.0">
    <ignored/>
  </testcase> <!-- testNandhiniLink -->
</testsuite> <!-- Execute Single Test -->
