<?xml version="1.0" encoding="UTF-8"?>
<!-- Generated by org.testng.reporters.JUnitXMLReporter -->
<testsuite ignored="0" hostname="DESKTOP-G8O6OG0" failures="0" tests="4" name="Parameterization" time="23.95" errors="0" timestamp="2025-08-19T20:28:02 IST">
  <testcase classname="com.TestNGDemo.D02OnlineShoppingApps" name="testFlipkart" time="18.619"/>
  <testcase classname="com.TestNGDemo.D02OnlineShoppingApps" name="testMeesho" time="4.382"/>
  <testcase classname="com.TestNGDemo.D02OnlineShoppingApps" name="testAmazon" time="23.208"/>
  <testcase classname="com.TestNGDemo.D02OnlineShoppingApps" name="testMyntra" time="23.81"/>
</testsuite> <!-- Parameterization -->
