<?xml version="1.0" encoding="UTF-8"?>
<!-- Generated by org.testng.reporters.JUnitXMLReporter -->
<testsuite ignored="0" hostname="DESKTOP-G8O6OG0" failures="0" tests="4" name="Parameterization" time="29.58" errors="0" timestamp="2025-08-18T22:22:33 IST">
  <testcase classname="com.TestNGDemo.D02OnlineShoppingApps" name="testMeesho" time="25.183"/>
  <testcase classname="com.TestNGDemo.D02OnlineShoppingApps" name="testAmazon" time="29.195"/>
  <testcase classname="com.TestNGDemo.D02OnlineShoppingApps" name="testFlipkart" time="29.296"/>
  <testcase classname="com.TestNGDemo.D02OnlineShoppingApps" name="testMyntra" time="29.47"/>
</testsuite> <!-- Parameterization -->
