<?xml version="1.0" encoding="UTF-8"?>
<testng-results ignored="0" total="4" passed="4" failed="0" skipped="0">
  <reporter-output>
  </reporter-output>
  <suite started-at="2025-08-18T22:22:04 IST" name="Passing Parameters" finished-at="2025-08-18T22:22:33 IST" duration-ms="29580">
    <groups>
    </groups>
    <test started-at="2025-08-18T22:22:04 IST" name="Parameterization" finished-at="2025-08-18T22:22:33 IST" duration-ms="29580">
      <class name="com.TestNGDemo.D02OnlineShoppingApps">
        <test-method signature="testMyntra()[pri:2, instance:com.TestNGDemo.D02OnlineShoppingApps@351d00c0]" started-at="2025-08-18T22:22:04 IST" name="testMyntra" finished-at="2025-08-18T22:22:33 IST" duration-ms="29470" status="PASS">
          <reporter-output>
          </reporter-output>
        </test-method> <!-- testMyntra -->
        <test-method signature="testMeesho()[pri:4, instance:com.TestNGDemo.D02OnlineShoppingApps@351d00c0]" started-at="2025-08-18T22:22:04 IST" name="testMeesho" finished-at="2025-08-18T22:22:29 IST" duration-ms="25183" status="PASS">
          <reporter-output>
          </reporter-output>
        </test-method> <!-- testMeesho -->
        <test-method signature="testFlipkart()[pri:1, instance:com.TestNGDemo.D02OnlineShoppingApps@351d00c0]" started-at="2025-08-18T22:22:04 IST" name="testFlipkart" finished-at="2025-08-18T22:22:33 IST" duration-ms="29296" status="PASS">
          <reporter-output>
          </reporter-output>
        </test-method> <!-- testFlipkart -->
        <test-method signature="testAmazon()[pri:3, instance:com.TestNGDemo.D02OnlineShoppingApps@351d00c0]" started-at="2025-08-18T22:22:04 IST" name="testAmazon" finished-at="2025-08-18T22:22:33 IST" duration-ms="29195" status="PASS">
          <reporter-output>
          </reporter-output>
        </test-method> <!-- testAmazon -->
      </class> <!-- com.TestNGDemo.D02OnlineShoppingApps -->
    </test> <!-- Parameterization -->
  </suite> <!-- Passing Parameters -->
</testng-results>
