<?xml version="1.0" encoding="UTF-8"?>
<testng-results ignored="0" total="7" passed="7" failed="0" skipped="0">
  <reporter-output>
  </reporter-output>
  <suite started-at="2025-08-22T21:33:32 IST" name="Default suite" finished-at="2025-08-22T21:34:09 IST" duration-ms="37130">
    <groups>
    </groups>
    <test started-at="2025-08-22T21:33:32 IST" name="Default test" finished-at="2025-08-22T21:34:09 IST" duration-ms="37130">
      <class name="com.TestNGDemo.D15LoginToOHRM_DDF">
        <test-method is-config="true" signature="beforeTest()[pri:0, instance:com.TestNGDemo.D15LoginToOHRM_DDF@6ed3ccb2]" started-at="2025-08-22T21:33:32 IST" name="beforeTest" finished-at="2025-08-22T21:33:46 IST" duration-ms="14297" status="PASS">
          <reporter-output>
          </reporter-output>
        </test-method> <!-- beforeTest -->
        <test-method signature="loginToOHRM(java.lang.String,java.lang.String)[pri:0, instance:com.TestNGDemo.D15LoginToOHRM_DDF@6ed3ccb2]" started-at="2025-08-22T21:33:47 IST" name="loginToOHRM" data-provider="getLoginData" finished-at="2025-08-22T21:33:49 IST" duration-ms="2082" status="PASS">
          <params>
            <param index="0">
              <value>
                <![CDATA[admin]]>
              </value>
            </param>
            <param index="1">
              <value>
                <![CDATA[admin123]]>
              </value>
            </param>
          </params>
          <reporter-output>
          </reporter-output>
        </test-method> <!-- loginToOHRM -->
        <test-method is-config="true" signature="logout()[pri:0, instance:com.TestNGDemo.D15LoginToOHRM_DDF@6ed3ccb2]" started-at="2025-08-22T21:33:49 IST" name="logout" finished-at="2025-08-22T21:33:51 IST" duration-ms="2101" status="PASS">
          <reporter-output>
          </reporter-output>
        </test-method> <!-- logout -->
        <test-method signature="loginToOHRM(java.lang.String,java.lang.String)[pri:0, instance:com.TestNGDemo.D15LoginToOHRM_DDF@6ed3ccb2]" started-at="2025-08-22T21:33:51 IST" name="loginToOHRM" data-provider="getLoginData" finished-at="2025-08-22T21:33:52 IST" duration-ms="1506" status="PASS">
          <params>
            <param index="0">
              <value>
                <![CDATA[pallavi]]>
              </value>
            </param>
            <param index="1">
              <value>
                <![CDATA[pallavi123]]>
              </value>
            </param>
          </params>
          <reporter-output>
          </reporter-output>
        </test-method> <!-- loginToOHRM -->
        <test-method is-config="true" signature="logout()[pri:0, instance:com.TestNGDemo.D15LoginToOHRM_DDF@6ed3ccb2]" started-at="2025-08-22T21:33:52 IST" name="logout" finished-at="2025-08-22T21:33:53 IST" duration-ms="438" status="PASS">
          <reporter-output>
          </reporter-output>
        </test-method> <!-- logout -->
        <test-method signature="loginToOHRM(java.lang.String,java.lang.String)[pri:0, instance:com.TestNGDemo.D15LoginToOHRM_DDF@6ed3ccb2]" started-at="2025-08-22T21:33:53 IST" name="loginToOHRM" data-provider="getLoginData" finished-at="2025-08-22T21:33:54 IST" duration-ms="1501" status="PASS">
          <params>
            <param index="0">
              <value>
                <![CDATA[admin]]>
              </value>
            </param>
            <param index="1">
              <value>
                <![CDATA[admin123]]>
              </value>
            </param>
          </params>
          <reporter-output>
          </reporter-output>
        </test-method> <!-- loginToOHRM -->
        <test-method is-config="true" signature="logout()[pri:0, instance:com.TestNGDemo.D15LoginToOHRM_DDF@6ed3ccb2]" started-at="2025-08-22T21:33:54 IST" name="logout" finished-at="2025-08-22T21:33:56 IST" duration-ms="2194" status="PASS">
          <reporter-output>
          </reporter-output>
        </test-method> <!-- logout -->
        <test-method signature="loginToOHRM(java.lang.String,java.lang.String)[pri:0, instance:com.TestNGDemo.D15LoginToOHRM_DDF@6ed3ccb2]" started-at="2025-08-22T21:33:56 IST" name="loginToOHRM" data-provider="getLoginData" finished-at="2025-08-22T21:33:58 IST" duration-ms="1532" status="PASS">
          <params>
            <param index="0">
              <value>
                <![CDATA[satish]]>
              </value>
            </param>
            <param index="1">
              <value>
                <![CDATA[satish123]]>
              </value>
            </param>
          </params>
          <reporter-output>
          </reporter-output>
        </test-method> <!-- loginToOHRM -->
        <test-method is-config="true" signature="logout()[pri:0, instance:com.TestNGDemo.D15LoginToOHRM_DDF@6ed3ccb2]" started-at="2025-08-22T21:33:58 IST" name="logout" finished-at="2025-08-22T21:33:58 IST" duration-ms="477" status="PASS">
          <reporter-output>
          </reporter-output>
        </test-method> <!-- logout -->
        <test-method signature="loginToOHRM(java.lang.String,java.lang.String)[pri:0, instance:com.TestNGDemo.D15LoginToOHRM_DDF@6ed3ccb2]" started-at="2025-08-22T21:33:58 IST" name="loginToOHRM" data-provider="getLoginData" finished-at="2025-08-22T21:34:00 IST" duration-ms="1424" status="PASS">
          <params>
            <param index="0">
              <value>
                <![CDATA[admin]]>
              </value>
            </param>
            <param index="1">
              <value>
                <![CDATA[admin123]]>
              </value>
            </param>
          </params>
          <reporter-output>
          </reporter-output>
        </test-method> <!-- loginToOHRM -->
        <test-method is-config="true" signature="logout()[pri:0, instance:com.TestNGDemo.D15LoginToOHRM_DDF@6ed3ccb2]" started-at="2025-08-22T21:34:00 IST" name="logout" finished-at="2025-08-22T21:34:02 IST" duration-ms="2655" status="PASS">
          <reporter-output>
          </reporter-output>
        </test-method> <!-- logout -->
        <test-method signature="loginToOHRM(java.lang.String,java.lang.String)[pri:0, instance:com.TestNGDemo.D15LoginToOHRM_DDF@6ed3ccb2]" started-at="2025-08-22T21:34:02 IST" name="loginToOHRM" data-provider="getLoginData" finished-at="2025-08-22T21:34:04 IST" duration-ms="1945" status="PASS">
          <params>
            <param index="0">
              <value>
                <![CDATA[vaishnavi]]>
              </value>
            </param>
            <param index="1">
              <value>
                <![CDATA[vaishnavi123]]>
              </value>
            </param>
          </params>
          <reporter-output>
          </reporter-output>
        </test-method> <!-- loginToOHRM -->
        <test-method is-config="true" signature="logout()[pri:0, instance:com.TestNGDemo.D15LoginToOHRM_DDF@6ed3ccb2]" started-at="2025-08-22T21:34:04 IST" name="logout" finished-at="2025-08-22T21:34:05 IST" duration-ms="434" status="PASS">
          <reporter-output>
          </reporter-output>
        </test-method> <!-- logout -->
        <test-method signature="loginToOHRM(java.lang.String,java.lang.String)[pri:0, instance:com.TestNGDemo.D15LoginToOHRM_DDF@6ed3ccb2]" started-at="2025-08-22T21:34:05 IST" name="loginToOHRM" data-provider="getLoginData" finished-at="2025-08-22T21:34:06 IST" duration-ms="1418" status="PASS">
          <params>
            <param index="0">
              <value>
                <![CDATA[admin]]>
              </value>
            </param>
            <param index="1">
              <value>
                <![CDATA[admin123]]>
              </value>
            </param>
          </params>
          <reporter-output>
          </reporter-output>
        </test-method> <!-- loginToOHRM -->
        <test-method is-config="true" signature="logout()[pri:0, instance:com.TestNGDemo.D15LoginToOHRM_DDF@6ed3ccb2]" started-at="2025-08-22T21:34:06 IST" name="logout" finished-at="2025-08-22T21:34:08 IST" duration-ms="2135" status="PASS">
          <reporter-output>
          </reporter-output>
        </test-method> <!-- logout -->
        <test-method is-config="true" signature="afterTest()[pri:0, instance:com.TestNGDemo.D15LoginToOHRM_DDF@6ed3ccb2]" started-at="2025-08-22T21:34:08 IST" name="afterTest" finished-at="2025-08-22T21:34:09 IST" duration-ms="841" status="PASS">
          <reporter-output>
          </reporter-output>
        </test-method> <!-- afterTest -->
      </class> <!-- com.TestNGDemo.D15LoginToOHRM_DDF -->
    </test> <!-- Default test -->
  </suite> <!-- Default suite -->
</testng-results>
