<?xml version="1.0" encoding="UTF-8"?>
<!-- Generated by org.testng.reporters.JUnitXMLReporter -->
<testsuite ignored="2" hostname="DESKTOP-G8O6OG0" failures="0" tests="2" name="Execute Multiple Tests" time="25.096" errors="0" timestamp="2025-08-18T21:34:53 IST">
  <testcase classname="com.TestNGDemo.D05BigBasketAssignment" name="testExoticLink" time="1.199"/>
  <testcase classname="com.TestNGDemo.D05BigBasketAssignment" name="testGheeLink" time="0.572"/>
  <testcase classname="com.TestNGDemo.D05BigBasketAssignment" name="testTeaLink" time="0.0">
    <ignored/>
  </testcase> <!-- testTeaLink -->
  <testcase classname="com.TestNGDemo.D05BigBasketAssignment" name="testNandhiniLink" time="0.0">
    <ignored/>
  </testcase> <!-- testNandhiniLink -->
</testsuite> <!-- Execute Multiple Tests -->
