<?xml version="1.0" encoding="UTF-8"?>
<!-- Generated by org.testng.reporters.JUnitXMLReporter -->
<testsuite ignored="0" hostname="DESKTOP-G8O6OG0" failures="0" tests="9" name="Execute Class" time="77.265" errors="0" timestamp="2025-08-18T21:45:00 IST">
  <testcase classname="com.TestNGDemo.D05BigBasketAssignment" name="testExoticLink" time="1.38"/>
  <testcase classname="com.TestNGDemo.D05BigBasketAssignment" name="testTeaLink" time="0.422"/>
  <testcase classname="com.TestNGDemo.D05BigBasketAssignment" name="testGheeLink" time="0.726"/>
  <testcase classname="com.TestNGDemo.D05BigBasketAssignment" name="testNandhiniLink" time="0.286"/>
  <testcase classname="com.TestNGDemo.D06DataDrivenTesting" name="loginToOHRM" time="0.394"/>
  <testcase classname="com.TestNGDemo.D06DataDrivenTesting" name="loginToOHRM" time="1.608"/>
  <testcase classname="com.TestNGDemo.D06DataDrivenTesting" name="loginToOHRM" time="1.213"/>
  <testcase classname="com.TestNGDemo.D06DataDrivenTesting" name="loginToOHRM" time="1.233"/>
  <testcase classname="com.TestNGDemo.D06DataDrivenTesting" name="loginToOHRM" time="2.123"/>
</testsuite> <!-- Execute Class -->
